INFO:sim:172 - Generating IP...
Applying current project options...
Finished applying current project options.
WARNING:sim - A core named 'p_mem' already exists in the project. Output
   products for this core may be overwritten.
Resolving generics for 'p_mem'...
WARNING:sim - A core named 'p_mem' already exists in the project. Output
   products for this core may be overwritten.
Applying external generics to 'p_mem'...
Delivering associated files for 'p_mem'...
Delivering EJava files for 'p_mem'...
Generating implementation netlist for 'p_mem'...
INFO:sim - Pre-processing HDL files for 'p_mem'...
Running synthesis for 'p_mem'
Running ngcbuild...
Writing VEO instantiation template for 'p_mem'...
Writing Verilog behavioral simulation model for 'p_mem'...
WARNING:sim - Overwriting existing file
   E:/SecondYear/CO_Lab/MIPS/ipcore_dir/tmp/_cg/p_mem/doc/blk_mem_gen_v7_3_vinfo
   .html with file from view xilinx_documentation
Delivered 1 file into directory
E:/SecondYear/CO_Lab/MIPS/ipcore_dir/tmp/_cg/p_mem
Generating ASY schematic symbol...
INFO:sim:949 - Finished generation of ASY schematic symbol.
Generating SYM schematic symbol for 'p_mem'...
Generating metadata file...
Regenerating ISE project file for 'p_mem'...
Generating ISE project...
XCO file found: p_mem.xco
XMDF file found: p_mem_xmdf.tcl
Adding E:/SecondYear/CO_Lab/MIPS/ipcore_dir/tmp/_cg/p_mem.asy -view all
-origin_type imported
Adding E:/SecondYear/CO_Lab/MIPS/ipcore_dir/tmp/_cg/p_mem.ngc -view all
-origin_type created
Checking file "E:/SecondYear/CO_Lab/MIPS/ipcore_dir/tmp/_cg/p_mem.ngc" for
project device match ...
File "E:/SecondYear/CO_Lab/MIPS/ipcore_dir/tmp/_cg/p_mem.ngc" device information
matches project device.
Adding E:/SecondYear/CO_Lab/MIPS/ipcore_dir/tmp/_cg/p_mem.sym -view all
-origin_type imported
Adding E:/SecondYear/CO_Lab/MIPS/ipcore_dir/tmp/_cg/p_mem.v -view all
-origin_type created
INFO:HDLCompiler:1845 - Analyzing Verilog file
   "E:/SecondYear/CO_Lab/MIPS/ipcore_dir/tmp/_cg/p_mem.v" into library work
INFO:ProjectMgmt - Parsing design hierarchy completed successfully.
Adding E:/SecondYear/CO_Lab/MIPS/ipcore_dir/tmp/_cg/p_mem.veo -view all
-origin_type imported
INFO:TclTasksC:2116 - The automatic calculation of top has been turned-off.
   Please set the new top explicitly by running the "project set top" command.
   To re-calculate the new top automatically, set the "Auto Implementation Top"
   property to true.
Top level has been set to "/p_mem"
Generating README file...
Generating FLIST file...
INFO:sim:948 - Finished FLIST file generation.
Launching README viewer...
Moving files to output directory...
Finished moving files to output directory
Wrote CGP file for project 'p_mem'.
