Command line:
   Top_module_tb_isim_beh.exe
     -simmode  gui
     -simrunnum  0
     -socket  58320

Tue Oct 22 10:41:00 2019


 Elaboration Time: 0.09375 sec

 Current Memory Usage: 5172.69 Meg

 Total Signals          : 757
 Total Nets             : 2615
 Total Signal Drivers   : 340
 Total Blocks           : 86
 Total Primitive Blocks : 71
 Total Processes        : 373
 Total Traceable Variables  : 696
 Total Scalar Nets and Variables : 3708756
Total Line Count : 1088

 Total Simulation Time: 0.328125 sec

 Current Memory Usage: 5015.4 Meg

Tue Oct 22 10:43:57 2019

